C:\USERS\TYLER\DOCUMENTS\GITHUB\LENGTH\DOPROC\DEBUG\DOPROC.EXE
C:\USERS\TYLER\DOCUMENTS\GITHUB\LENGTH\DOPROC\DEBUG\DOPROC.ILK
C:\USERS\TYLER\DOCUMENTS\GITHUB\LENGTH\DOPROC\DEBUG\DOPROC.PDB
C:\Users\Tyler\Documents\GitHub\length\DoProc\DoProc\Debug\cl.command.1.tlog
C:\Users\Tyler\Documents\GitHub\length\DoProc\DoProc\Debug\CL.read.1.tlog
C:\Users\Tyler\Documents\GitHub\length\DoProc\DoProc\Debug\CL.write.1.tlog
C:\USERS\TYLER\DOCUMENTS\GITHUB\LENGTH\DOPROC\DOPROC\DEBUG\DOPROC.EXE.EMBED.MANIFEST
C:\USERS\TYLER\DOCUMENTS\GITHUB\LENGTH\DOPROC\DOPROC\DEBUG\DOPROC.EXE.EMBED.MANIFEST.RES
C:\USERS\TYLER\DOCUMENTS\GITHUB\LENGTH\DOPROC\DOPROC\DEBUG\DOPROC.EXE.INTERMEDIATE.MANIFEST
C:\USERS\TYLER\DOCUMENTS\GITHUB\LENGTH\DOPROC\DOPROC\DEBUG\DOPROC.OBJ
C:\USERS\TYLER\DOCUMENTS\GITHUB\LENGTH\DOPROC\DOPROC\DEBUG\DOPROC.PCH
C:\USERS\TYLER\DOCUMENTS\GITHUB\LENGTH\DOPROC\DOPROC\DEBUG\DOPROC.RES
C:\Users\Tyler\Documents\GitHub\length\DoProc\DoProc\Debug\DoProc_manifest.rc
C:\USERS\TYLER\DOCUMENTS\GITHUB\LENGTH\DOPROC\DOPROC\DEBUG\DOPROCDLG.OBJ
C:\Users\Tyler\Documents\GitHub\length\DoProc\DoProc\Debug\link.command.1.tlog
C:\Users\Tyler\Documents\GitHub\length\DoProc\DoProc\Debug\link.read.1.tlog
C:\Users\Tyler\Documents\GitHub\length\DoProc\DoProc\Debug\link.write.1.tlog
C:\Users\Tyler\Documents\GitHub\length\DoProc\DoProc\Debug\link-cvtres.read.1.tlog
C:\Users\Tyler\Documents\GitHub\length\DoProc\DoProc\Debug\link-cvtres.write.1.tlog
C:\Users\Tyler\Documents\GitHub\length\DoProc\DoProc\Debug\mt.command.1.tlog
C:\Users\Tyler\Documents\GitHub\length\DoProc\DoProc\Debug\mt.read.1.tlog
C:\Users\Tyler\Documents\GitHub\length\DoProc\DoProc\Debug\mt.write.1.tlog
C:\Users\Tyler\Documents\GitHub\length\DoProc\DoProc\Debug\rc.command.1.tlog
C:\Users\Tyler\Documents\GitHub\length\DoProc\DoProc\Debug\rc.read.1.tlog
C:\Users\Tyler\Documents\GitHub\length\DoProc\DoProc\Debug\rc.write.1.tlog
C:\USERS\TYLER\DOCUMENTS\GITHUB\LENGTH\DOPROC\DOPROC\DEBUG\STDAFX.OBJ
C:\Users\Tyler\Documents\GitHub\length\DoProc\DoProc\Debug\vc100.idb
C:\USERS\TYLER\DOCUMENTS\GITHUB\LENGTH\DOPROC\DOPROC\DEBUG\VC100.PDB
